<?xml version="1.0" encoding="UTF-8"?>
<!-- Generated by org.testng.reporters.JUnitXMLReporter -->
<testsuite ignored="9" hostname="Garima" failures="0" tests="1" name="Test" time="59.529" errors="0" timestamp="2024-03-23T22:15:43 IST">
  <testcase classname="orgTestCases.CreateOrgTest" name="createOrgTest" time="25.278"/>
  <testcase classname="vendorTestCase.CreateVendorTest" name="createVendorTest" time="0.0">
    <ignored/>
  </testcase> <!-- createVendorTest -->
  <testcase classname="opportunitiesTestCase.CreateOpportunitiesWithContactTest" name="createOpportunityTest1" time="0.0">
    <ignored/>
  </testcase> <!-- createOpportunityTest1 -->
  <testcase classname="opportunitiesTestCase.CreateOpportunitiesWithAllMandatorydata" name="createOpportunityTest" time="0.0">
    <ignored/>
  </testcase> <!-- createOpportunityTest -->
  <testcase classname="contactTestCase.CreateContactWithOrganisationTest" name="createContactwithOrganisation" time="0.0">
    <ignored/>
  </testcase> <!-- createContactwithOrganisation -->
  <testcase classname="productTestCase.CreateProductWithVendorAndScroll" name="createProductWithVendorTest" time="0.0">
    <ignored/>
  </testcase> <!-- createProductWithVendorTest -->
  <testcase classname="orgTestCases.CreateOrganisationWithIndustry" name="createOrgTest" time="0.0">
    <ignored/>
  </testcase> <!-- createOrgTest -->
  <testcase classname="productTestCase.CreateProductTest" name="createProductTest" time="0.0">
    <ignored/>
  </testcase> <!-- createProductTest -->
  <testcase classname="opportunitiesTestCase.CreateOpportunitiesWithOrgTest" name="createOpportunityTest" time="0.0">
    <ignored/>
  </testcase> <!-- createOpportunityTest -->
  <testcase classname="contactTestCase.CreateContactTest" name="createContactTest" time="0.0">
    <ignored/>
  </testcase> <!-- createContactTest -->
</testsuite> <!-- Test -->
